<?xml version="1.0" encoding="UTF-8"?>
<!-- Generated by org.testng.reporters.JUnitReportReporter -->
<testsuite skipped="0" hostname="MSI" name="Scripts.PassingClassInGitHub" tests="1" failures="0" timestamp="2021-11-11T14:17:13 IST" time="0.010" errors="0">
  <testcase name="sendData" time="0.010" classname="Scripts.PassingClassInGitHub"/>
  <system-out/>
</testsuite> <!-- Scripts.PassingClassInGitHub -->
