<?xml version="1.0" encoding="UTF-8"?>
<!-- Generated by org.testng.reporters.JUnitReportReporter -->
<testsuite skipped="0" hostname="MSI" name="Scripts.CreateContactWithOrganisation" tests="1" failures="0" timestamp="2021-11-05T16:41:20 IST" time="26.961" errors="0">
  <testcase name="cteateContact" time="26.961" classname="Scripts.CreateContactWithOrganisation"/>
  <system-out/>
</testsuite> <!-- Scripts.CreateContactWithOrganisation -->
