<?xml version="1.0" encoding="UTF-8"?>
<!-- Generated by org.testng.reporters.JUnitReportReporter -->
<testsuite skipped="0" hostname="MSI" name="Scripts.SignInSignOut" tests="1" failures="0" timestamp="2021-11-08T21:59:02 IST" time="15.413" errors="0">
  <testcase name="signinout" time="15.413" classname="Scripts.SignInSignOut"/>
  <system-out/>
</testsuite> <!-- Scripts.SignInSignOut -->
