<?xml version="1.0" encoding="UTF-8"?>
<!-- Generated by org.testng.reporters.JUnitReportReporter -->
<testsuite skipped="0" hostname="MSI" name="Scripts.CreateOrganisationWithIndustryDropdowns" tests="1" failures="0" timestamp="2021-11-06T11:40:03 IST" time="35.000" errors="0">
  <testcase name="createOrganisationWithDropdowns" time="35.000" classname="Scripts.CreateOrganisationWithIndustryDropdowns"/>
  <system-out/>
</testsuite> <!-- Scripts.CreateOrganisationWithIndustryDropdowns -->
