<?xml version="1.0" encoding="UTF-8"?>
<!-- Generated by org.testng.reporters.JUnitReportReporter -->
<testsuite skipped="0" hostname="MSI" name="Scripts.ForBranchPush" tests="1" failures="0" timestamp="2021-11-11T17:05:28 IST" time="0.006" errors="0">
  <testcase name="brachPush" time="0.006" classname="Scripts.ForBranchPush"/>
  <system-out/>
</testsuite> <!-- Scripts.ForBranchPush -->
