<?xml version="1.0" encoding="UTF-8"?>
<!-- Generated by org.testng.reporters.JUnitReportReporter -->
<testsuite skipped="0" hostname="MSI" name="Scripts.CreateOrganisation" tests="1" failures="0" timestamp="2021-11-09T15:41:34 IST" time="32.112" errors="0">
  <testcase name="createOrganistion" time="32.112" classname="Scripts.CreateOrganisation"/>
  <system-out/>
</testsuite> <!-- Scripts.CreateOrganisation -->
