<?xml version="1.0" encoding="UTF-8"?>
<!-- Generated by org.testng.reporters.JUnitReportReporter -->
<testsuite skipped="0" hostname="MSI" name="Scripts.CreateOrganisation" tests="1" failures="0" timestamp="2021-11-04T15:52:09 IST" time="25.268" errors="0">
  <testcase name="createOrganistion" time="25.268" classname="Scripts.CreateOrganisation"/>
  <system-out/>
</testsuite> <!-- Scripts.CreateOrganisation -->
